[
  {
    "type": "GLOBAL_VAR",
    "name": "--primary-color",
    "value": "#FF69B4"
  },
  {
    "type": "GLOBAL_VAR",
    "name": "--secondary-color",
    "value": "#8A2BE2"
  },
  {
    "type": "GLOBAL_VAR",
    "name": "--accent-color",
    "value": "#00FFFF"
  },
  {
    "type": "MIXIN_DEF",
    "name": "button-style",
    "content": []
  },
  {
    "type": "GLOBAL_VAR",
    "name": "--glow-color",
    "value": "var(--accent-color)"
  },
  {
    "type": "GLOBAL_VAR",
    "name": "--inner-glow",
    "value": "var(--accent-color)"
  },
  {
    "type": "GLOBAL_VAR",
    "name": "--hover-glow",
    "value": "var(--accent-color)"
  }
]